android/app/build/intermediates/manifest_merge_blame_file/debug/manifest-merger-blame-debug-report.txt
1<?xml version="1.0" encoding="utf-8"?>
2<manifest xmlns:android="http://schemas.android.com/apk/res/android"
3    package="com.dapi.app"
4    android:versionCode="1"
5    android:versionName="1.0" >
6
7    <uses-sdk
8        android:minSdkVersion="21"
9        android:targetSdkVersion="34" />
10
11    <uses-permission android:name="android.permission.INTERNET" />
11-->src/main/AndroidManifest.xml:3:5-67
11-->src/main/AndroidManifest.xml:3:22-64
12    <!--
13    This manifest file is used only by Gradle to configure debug-only capabilities
14    for React Native Apps.
15    -->
16    <uses-permission android:name="android.permission.SYSTEM_ALERT_WINDOW" />
16-->[com.facebook.react:react-android:0.73.2] AndroidManifest.xml:16:5-78
16-->[com.facebook.react:react-android:0.73.2] AndroidManifest.xml:16:22-75
17    <uses-permission android:name="android.permission.ACCESS_NETWORK_STATE" />
17-->[co.dapi:connect:2.37.5] AndroidManifest.xml:8:5-79
17-->[co.dapi:connect:2.37.5] AndroidManifest.xml:8:22-76
18    <uses-permission android:name="android.permission.CHANGE_NETWORK_STATE" />
18-->[co.dapi:connect:2.37.5] AndroidManifest.xml:10:5-79
18-->[co.dapi:connect:2.37.5] AndroidManifest.xml:10:22-76
19    <uses-permission android:name="android.permission.ACCESS_WIFI_STATE" />
19-->[com.facebook.flipper:flipper:0.201.0] AndroidManifest.xml:14:5-76
19-->[com.facebook.flipper:flipper:0.201.0] AndroidManifest.xml:14:22-73
20
21    <permission
21-->[androidx.core:core:1.12.0] AndroidManifest.xml:22:5-24:47
22        android:name="com.dapi.app.DYNAMIC_RECEIVER_NOT_EXPORTED_PERMISSION"
22-->[androidx.core:core:1.12.0] AndroidManifest.xml:23:9-81
23        android:protectionLevel="signature" />
23-->[androidx.core:core:1.12.0] AndroidManifest.xml:24:9-44
24
25    <uses-permission android:name="com.dapi.app.DYNAMIC_RECEIVER_NOT_EXPORTED_PERMISSION" />
25-->[androidx.core:core:1.12.0] AndroidManifest.xml:26:5-97
25-->[androidx.core:core:1.12.0] AndroidManifest.xml:26:22-94
26
27    <application
27-->src/main/AndroidManifest.xml:5:5-24:19
28        android:name="com.example.MainApplication"
28-->src/main/AndroidManifest.xml:6:7-38
29        android:allowBackup="false"
29-->src/main/AndroidManifest.xml:10:7-34
30        android:appComponentFactory="androidx.core.app.CoreComponentFactory"
30-->[androidx.core:core:1.12.0] AndroidManifest.xml:28:18-86
31        android:debuggable="true"
32        android:extractNativeLibs="true"
33        android:icon="@mipmap/ic_launcher"
33-->src/main/AndroidManifest.xml:8:7-41
34        android:label="@string/app_name"
34-->src/main/AndroidManifest.xml:7:7-39
35        android:networkSecurityConfig="@xml/network_security_config"
35-->[co.dapi:connect:2.37.5] AndroidManifest.xml:13:9-69
36        android:roundIcon="@mipmap/ic_launcher_round"
36-->src/main/AndroidManifest.xml:9:7-52
37        android:supportsRtl="true"
37-->[co.dapi:connect:2.37.5] AndroidManifest.xml:14:9-35
38        android:testOnly="true"
39        android:theme="@style/AppTheme"
39-->src/main/AndroidManifest.xml:11:7-38
40        android:usesCleartextTraffic="true" >
40-->src/debug/AndroidManifest.xml:6:9-44
41        <activity
41-->src/main/AndroidManifest.xml:12:7-23:18
42            android:name="com.example.MainActivity"
42-->src/main/AndroidManifest.xml:13:9-37
43            android:configChanges="keyboard|keyboardHidden|orientation|screenLayout|screenSize|smallestScreenSize|uiMode"
43-->src/main/AndroidManifest.xml:15:9-118
44            android:exported="true"
44-->src/main/AndroidManifest.xml:18:9-32
45            android:label="@string/app_name"
45-->src/main/AndroidManifest.xml:14:9-41
46            android:launchMode="singleTask"
46-->src/main/AndroidManifest.xml:16:9-40
47            android:windowSoftInputMode="adjustResize" >
47-->src/main/AndroidManifest.xml:17:9-51
48            <intent-filter>
48-->src/main/AndroidManifest.xml:19:9-22:25
49                <action android:name="android.intent.action.MAIN" />
49-->src/main/AndroidManifest.xml:20:13-65
49-->src/main/AndroidManifest.xml:20:21-62
50
51                <category android:name="android.intent.category.LAUNCHER" />
51-->src/main/AndroidManifest.xml:21:13-73
51-->src/main/AndroidManifest.xml:21:23-70
52            </intent-filter>
53        </activity>
54        <activity
54-->[com.facebook.react:react-android:0.73.2] AndroidManifest.xml:19:9-21:40
55            android:name="com.facebook.react.devsupport.DevSettingsActivity"
55-->[com.facebook.react:react-android:0.73.2] AndroidManifest.xml:20:13-77
56            android:exported="false" /> <!-- enable logger -->
56-->[com.facebook.react:react-android:0.73.2] AndroidManifest.xml:21:13-37
57        <meta-data
57-->[co.dapi:connect:2.37.5] AndroidManifest.xml:18:9-20:36
58            android:name="co.dapi.networkLoggingEnabled"
58-->[co.dapi:connect:2.37.5] AndroidManifest.xml:19:13-57
59            android:value="true" />
59-->[co.dapi:connect:2.37.5] AndroidManifest.xml:20:13-33
60
61        <activity
61-->[co.dapi:connect:2.37.5] AndroidManifest.xml:22:9-27:58
62            android:name="co.dapi.connect.presentation.amount.DapiAmountActivity"
62-->[co.dapi:connect:2.37.5] AndroidManifest.xml:23:13-82
63            android:configChanges="orientation|keyboardHidden"
63-->[co.dapi:connect:2.37.5] AndroidManifest.xml:24:13-63
64            android:exported="false"
64-->[co.dapi:connect:2.37.5] AndroidManifest.xml:25:13-37
65            android:screenOrientation="portrait"
65-->[co.dapi:connect:2.37.5] AndroidManifest.xml:26:13-49
66            android:windowSoftInputMode="adjustResize" />
66-->[co.dapi:connect:2.37.5] AndroidManifest.xml:27:13-55
67        <activity
67-->[co.dapi:connect:2.37.5] AndroidManifest.xml:28:9-32:52
68            android:name="co.dapi.connect.presentation.connect.DapiConnectActivity"
68-->[co.dapi:connect:2.37.5] AndroidManifest.xml:29:13-84
69            android:configChanges="orientation|keyboardHidden"
69-->[co.dapi:connect:2.37.5] AndroidManifest.xml:30:13-63
70            android:exported="false"
70-->[co.dapi:connect:2.37.5] AndroidManifest.xml:31:13-37
71            android:screenOrientation="portrait" />
71-->[co.dapi:connect:2.37.5] AndroidManifest.xml:32:13-49
72        <activity
72-->[co.dapi:connect:2.37.5] AndroidManifest.xml:33:9-38:58
73            android:name="co.dapi.connect.presentation.mfa.DapiMfaActivity"
73-->[co.dapi:connect:2.37.5] AndroidManifest.xml:34:13-76
74            android:configChanges="orientation|keyboardHidden"
74-->[co.dapi:connect:2.37.5] AndroidManifest.xml:35:13-63
75            android:exported="false"
75-->[co.dapi:connect:2.37.5] AndroidManifest.xml:36:13-37
76            android:screenOrientation="portrait"
76-->[co.dapi:connect:2.37.5] AndroidManifest.xml:37:13-49
77            android:windowSoftInputMode="adjustResize" />
77-->[co.dapi:connect:2.37.5] AndroidManifest.xml:38:13-55
78        <activity
78-->[co.dapi:connect:2.37.5] AndroidManifest.xml:39:9-43:52
79            android:name="co.dapi.connect.presentation.accounts.DapiAccountsActivity"
79-->[co.dapi:connect:2.37.5] AndroidManifest.xml:40:13-86
80            android:configChanges="orientation|keyboardHidden"
80-->[co.dapi:connect:2.37.5] AndroidManifest.xml:41:13-63
81            android:exported="false"
81-->[co.dapi:connect:2.37.5] AndroidManifest.xml:42:13-37
82            android:screenOrientation="portrait" />
82-->[co.dapi:connect:2.37.5] AndroidManifest.xml:43:13-49
83        <activity
83-->[androidx.compose.ui:ui-tooling:1.4.3] AndroidManifest.xml:23:9-25:39
84            android:name="androidx.compose.ui.tooling.PreviewActivity"
84-->[androidx.compose.ui:ui-tooling:1.4.3] AndroidManifest.xml:24:13-71
85            android:exported="true" />
85-->[androidx.compose.ui:ui-tooling:1.4.3] AndroidManifest.xml:25:13-36
86
87        <provider
87-->[androidx.emoji2:emoji2:1.3.0] AndroidManifest.xml:24:9-32:20
88            android:name="androidx.startup.InitializationProvider"
88-->[androidx.emoji2:emoji2:1.3.0] AndroidManifest.xml:25:13-67
89            android:authorities="com.dapi.app.androidx-startup"
89-->[androidx.emoji2:emoji2:1.3.0] AndroidManifest.xml:26:13-68
90            android:exported="false" >
90-->[androidx.emoji2:emoji2:1.3.0] AndroidManifest.xml:27:13-37
91            <meta-data
91-->[androidx.emoji2:emoji2:1.3.0] AndroidManifest.xml:29:13-31:52
92                android:name="androidx.emoji2.text.EmojiCompatInitializer"
92-->[androidx.emoji2:emoji2:1.3.0] AndroidManifest.xml:30:17-75
93                android:value="androidx.startup" />
93-->[androidx.emoji2:emoji2:1.3.0] AndroidManifest.xml:31:17-49
94            <meta-data
94-->[androidx.lifecycle:lifecycle-process:2.6.1] AndroidManifest.xml:29:13-31:52
95                android:name="androidx.lifecycle.ProcessLifecycleInitializer"
95-->[androidx.lifecycle:lifecycle-process:2.6.1] AndroidManifest.xml:30:17-78
96                android:value="androidx.startup" />
96-->[androidx.lifecycle:lifecycle-process:2.6.1] AndroidManifest.xml:31:17-49
97            <meta-data
97-->[androidx.profileinstaller:profileinstaller:1.3.0] AndroidManifest.xml:29:13-31:52
98                android:name="androidx.profileinstaller.ProfileInstallerInitializer"
98-->[androidx.profileinstaller:profileinstaller:1.3.0] AndroidManifest.xml:30:17-85
99                android:value="androidx.startup" />
99-->[androidx.profileinstaller:profileinstaller:1.3.0] AndroidManifest.xml:31:17-49
100        </provider>
101
102        <service
102-->[androidx.room:room-runtime:2.5.1] AndroidManifest.xml:24:9-28:63
103            android:name="androidx.room.MultiInstanceInvalidationService"
103-->[androidx.room:room-runtime:2.5.1] AndroidManifest.xml:25:13-74
104            android:directBootAware="true"
104-->[androidx.room:room-runtime:2.5.1] AndroidManifest.xml:26:13-43
105            android:exported="false" />
105-->[androidx.room:room-runtime:2.5.1] AndroidManifest.xml:27:13-37
106
107        <receiver
107-->[androidx.profileinstaller:profileinstaller:1.3.0] AndroidManifest.xml:34:9-52:20
108            android:name="androidx.profileinstaller.ProfileInstallReceiver"
108-->[androidx.profileinstaller:profileinstaller:1.3.0] AndroidManifest.xml:35:13-76
109            android:directBootAware="false"
109-->[androidx.profileinstaller:profileinstaller:1.3.0] AndroidManifest.xml:36:13-44
110            android:enabled="true"
110-->[androidx.profileinstaller:profileinstaller:1.3.0] AndroidManifest.xml:37:13-35
111            android:exported="true"
111-->[androidx.profileinstaller:profileinstaller:1.3.0] AndroidManifest.xml:38:13-36
112            android:permission="android.permission.DUMP" >
112-->[androidx.profileinstaller:profileinstaller:1.3.0] AndroidManifest.xml:39:13-57
113            <intent-filter>
113-->[androidx.profileinstaller:profileinstaller:1.3.0] AndroidManifest.xml:40:13-42:29
114                <action android:name="androidx.profileinstaller.action.INSTALL_PROFILE" />
114-->[androidx.profileinstaller:profileinstaller:1.3.0] AndroidManifest.xml:41:17-91
114-->[androidx.profileinstaller:profileinstaller:1.3.0] AndroidManifest.xml:41:25-88
115            </intent-filter>
116            <intent-filter>
116-->[androidx.profileinstaller:profileinstaller:1.3.0] AndroidManifest.xml:43:13-45:29
117                <action android:name="androidx.profileinstaller.action.SKIP_FILE" />
117-->[androidx.profileinstaller:profileinstaller:1.3.0] AndroidManifest.xml:44:17-85
117-->[androidx.profileinstaller:profileinstaller:1.3.0] AndroidManifest.xml:44:25-82
118            </intent-filter>
119            <intent-filter>
119-->[androidx.profileinstaller:profileinstaller:1.3.0] AndroidManifest.xml:46:13-48:29
120                <action android:name="androidx.profileinstaller.action.SAVE_PROFILE" />
120-->[androidx.profileinstaller:profileinstaller:1.3.0] AndroidManifest.xml:47:17-88
120-->[androidx.profileinstaller:profileinstaller:1.3.0] AndroidManifest.xml:47:25-85
121            </intent-filter>
122            <intent-filter>
122-->[androidx.profileinstaller:profileinstaller:1.3.0] AndroidManifest.xml:49:13-51:29
123                <action android:name="androidx.profileinstaller.action.BENCHMARK_OPERATION" />
123-->[androidx.profileinstaller:profileinstaller:1.3.0] AndroidManifest.xml:50:17-95
123-->[androidx.profileinstaller:profileinstaller:1.3.0] AndroidManifest.xml:50:25-92
124            </intent-filter>
125        </receiver>
126
127        <meta-data
127-->[com.facebook.soloader:soloader:0.10.5] AndroidManifest.xml:12:9-14:37
128            android:name="com.facebook.soloader.enabled"
128-->[com.facebook.soloader:soloader:0.10.5] AndroidManifest.xml:13:13-57
129            android:value="false" />
129-->[com.facebook.soloader:soloader:0.10.5] AndroidManifest.xml:14:13-34
130    </application>
131
132</manifest>